0 info it worked if it ends with ok
1 verbose cli [ 'C:\\Program Files\\nodejs\\node.exe',
1 verbose cli   'C:\\Program Files\\nodejs\\node_modules\\npm\\bin\\npm-cli.js',
1 verbose cli   'install',
1 verbose cli   '--save',
1 verbose cli   'scroll-listener-mixin' ]
2 info using npm@2.15.9
3 info using node@v4.5.0
4 verbose install initial load of D:\develop\image management\package.json
5 warn package.json image_management@1.0.0 No repository field.
6 warn package.json image_management@1.0.0 No README data
7 verbose installManyTop reading scoped package data from D:\develop\image management\node_modules\Base64\package.json
8 verbose installManyTop reading scoped package data from D:\develop\image management\node_modules\accepts\package.json
9 verbose installManyTop reading scoped package data from D:\develop\image management\node_modules\acorn\package.json
10 verbose installManyTop reading scoped package data from D:\develop\image management\node_modules\align-text\package.json
11 verbose installManyTop reading scoped package data from D:\develop\image management\node_modules\amdefine\package.json
12 verbose installManyTop reading scoped package data from D:\develop\image management\node_modules\ansi-regex\package.json
13 verbose installManyTop reading scoped package data from D:\develop\image management\node_modules\anymatch\package.json
14 verbose installManyTop reading scoped package data from D:\develop\image management\node_modules\arr-diff\package.json
15 verbose installManyTop reading scoped package data from D:\develop\image management\node_modules\arr-flatten\package.json
16 verbose installManyTop reading scoped package data from D:\develop\image management\node_modules\array-flatten\package.json
17 verbose installManyTop reading scoped package data from D:\develop\image management\node_modules\array-unique\package.json
18 verbose installManyTop reading scoped package data from D:\develop\image management\node_modules\arrify\package.json
19 verbose installManyTop reading scoped package data from D:\develop\image management\node_modules\assert\package.json
20 verbose installManyTop reading scoped package data from D:\develop\image management\node_modules\async\package.json
21 verbose installManyTop reading scoped package data from D:\develop\image management\node_modules\async-each\package.json
22 verbose installManyTop reading scoped package data from D:\develop\image management\node_modules\babel-core\package.json
23 verbose installManyTop reading scoped package data from D:\develop\image management\node_modules\babel-loader\package.json
24 verbose installManyTop reading scoped package data from D:\develop\image management\node_modules\babel-preset-es2015\package.json
25 verbose installManyTop reading scoped package data from D:\develop\image management\node_modules\babel-preset-react\package.json
26 verbose installManyTop reading scoped package data from D:\develop\image management\node_modules\balanced-match\package.json
27 verbose installManyTop reading scoped package data from D:\develop\image management\node_modules\base64-js\package.json
28 verbose installManyTop reading scoped package data from D:\develop\image management\node_modules\batch\package.json
29 verbose installManyTop reading scoped package data from D:\develop\image management\node_modules\big.js\package.json
30 verbose installManyTop reading scoped package data from D:\develop\image management\node_modules\binary-extensions\package.json
31 verbose installManyTop reading scoped package data from D:\develop\image management\node_modules\brace-expansion\package.json
32 verbose installManyTop reading scoped package data from D:\develop\image management\node_modules\braces\package.json
33 verbose installManyTop reading scoped package data from D:\develop\image management\node_modules\browserify-zlib\package.json
34 verbose installManyTop reading scoped package data from D:\develop\image management\node_modules\buffer\package.json
35 verbose installManyTop reading scoped package data from D:\develop\image management\node_modules\buffer-shims\package.json
36 verbose installManyTop reading scoped package data from D:\develop\image management\node_modules\bytes\package.json
37 verbose installManyTop reading scoped package data from D:\develop\image management\node_modules\camelcase\package.json
38 verbose installManyTop reading scoped package data from D:\develop\image management\node_modules\center-align\package.json
39 verbose installManyTop reading scoped package data from D:\develop\image management\node_modules\chokidar\package.json
40 verbose installManyTop reading scoped package data from D:\develop\image management\node_modules\cliui\package.json
41 verbose installManyTop reading scoped package data from D:\develop\image management\node_modules\clone\package.json
42 verbose installManyTop reading scoped package data from D:\develop\image management\node_modules\compressible\package.json
43 verbose installManyTop reading scoped package data from D:\develop\image management\node_modules\compression\package.json
44 verbose installManyTop reading scoped package data from D:\develop\image management\node_modules\concat-map\package.json
45 verbose installManyTop reading scoped package data from D:\develop\image management\node_modules\connect-history-api-fallback\package.json
46 verbose installManyTop reading scoped package data from D:\develop\image management\node_modules\console-browserify\package.json
47 verbose installManyTop reading scoped package data from D:\develop\image management\node_modules\constants-browserify\package.json
48 verbose installManyTop reading scoped package data from D:\develop\image management\node_modules\content-disposition\package.json
49 verbose installManyTop reading scoped package data from D:\develop\image management\node_modules\content-type\package.json
50 verbose installManyTop reading scoped package data from D:\develop\image management\node_modules\cookie\package.json
51 verbose installManyTop reading scoped package data from D:\develop\image management\node_modules\cookie-signature\package.json
52 verbose installManyTop reading scoped package data from D:\develop\image management\node_modules\core-util-is\package.json
53 verbose installManyTop reading scoped package data from D:\develop\image management\node_modules\crypto-browserify\package.json
54 verbose installManyTop reading scoped package data from D:\develop\image management\node_modules\date-now\package.json
55 verbose installManyTop reading scoped package data from D:\develop\image management\node_modules\debug\package.json
56 verbose installManyTop reading scoped package data from D:\develop\image management\node_modules\decamelize\package.json
57 verbose installManyTop reading scoped package data from D:\develop\image management\node_modules\depd\package.json
58 verbose installManyTop reading scoped package data from D:\develop\image management\node_modules\destroy\package.json
59 verbose installManyTop reading scoped package data from D:\develop\image management\node_modules\domain-browser\package.json
60 verbose installManyTop reading scoped package data from D:\develop\image management\node_modules\ee-first\package.json
61 verbose installManyTop reading scoped package data from D:\develop\image management\node_modules\emojis-list\package.json
62 verbose installManyTop reading scoped package data from D:\develop\image management\node_modules\encodeurl\package.json
63 verbose installManyTop reading scoped package data from D:\develop\image management\node_modules\enhanced-resolve\package.json
64 verbose installManyTop reading scoped package data from D:\develop\image management\node_modules\errno\package.json
65 verbose installManyTop reading scoped package data from D:\develop\image management\node_modules\escape-html\package.json
66 verbose installManyTop reading scoped package data from D:\develop\image management\node_modules\etag\package.json
67 verbose installManyTop reading scoped package data from D:\develop\image management\node_modules\eventemitter3\package.json
68 verbose installManyTop reading scoped package data from D:\develop\image management\node_modules\events\package.json
69 verbose installManyTop reading scoped package data from D:\develop\image management\node_modules\eventsource\package.json
70 verbose installManyTop reading scoped package data from D:\develop\image management\node_modules\expand-brackets\package.json
71 verbose installManyTop reading scoped package data from D:\develop\image management\node_modules\expand-range\package.json
72 verbose installManyTop reading scoped package data from D:\develop\image management\node_modules\express\package.json
73 verbose installManyTop reading scoped package data from D:\develop\image management\node_modules\extglob\package.json
74 verbose installManyTop reading scoped package data from D:\develop\image management\node_modules\faye-websocket\package.json
75 verbose installManyTop reading scoped package data from D:\develop\image management\node_modules\filename-regex\package.json
76 verbose installManyTop reading scoped package data from D:\develop\image management\node_modules\fill-range\package.json
77 verbose installManyTop reading scoped package data from D:\develop\image management\node_modules\finalhandler\package.json
78 verbose installManyTop reading scoped package data from D:\develop\image management\node_modules\for-in\package.json
79 verbose installManyTop reading scoped package data from D:\develop\image management\node_modules\for-own\package.json
80 verbose installManyTop reading scoped package data from D:\develop\image management\node_modules\forwarded\package.json
81 verbose installManyTop reading scoped package data from D:\develop\image management\node_modules\fresh\package.json
82 verbose installManyTop reading scoped package data from D:\develop\image management\node_modules\fsevents\package.json
83 verbose installManyTop reading scoped package data from D:\develop\image management\node_modules\glob-base\package.json
84 verbose installManyTop reading scoped package data from D:\develop\image management\node_modules\glob-parent\package.json
85 verbose installManyTop reading scoped package data from D:\develop\image management\node_modules\graceful-fs\package.json
86 verbose installManyTop reading scoped package data from D:\develop\image management\node_modules\has-flag\package.json
87 verbose installManyTop reading scoped package data from D:\develop\image management\node_modules\http-browserify\package.json
88 verbose installManyTop reading scoped package data from D:\develop\image management\node_modules\http-errors\package.json
89 verbose installManyTop reading scoped package data from D:\develop\image management\node_modules\http-proxy\package.json
90 verbose installManyTop reading scoped package data from D:\develop\image management\node_modules\http-proxy-middleware\package.json
91 verbose installManyTop reading scoped package data from D:\develop\image management\node_modules\https-browserify\package.json
92 verbose installManyTop reading scoped package data from D:\develop\image management\node_modules\ieee754\package.json
93 verbose installManyTop reading scoped package data from D:\develop\image management\node_modules\indexof\package.json
94 verbose installManyTop reading scoped package data from D:\develop\image management\node_modules\inherits\package.json
95 verbose installManyTop reading scoped package data from D:\develop\image management\node_modules\interpret\package.json
96 verbose installManyTop reading scoped package data from D:\develop\image management\node_modules\ipaddr.js\package.json
97 verbose installManyTop reading scoped package data from D:\develop\image management\node_modules\is-binary-path\package.json
98 verbose installManyTop reading scoped package data from D:\develop\image management\node_modules\is-buffer\package.json
99 verbose installManyTop reading scoped package data from D:\develop\image management\node_modules\is-dotfile\package.json
100 verbose installManyTop reading scoped package data from D:\develop\image management\node_modules\is-equal-shallow\package.json
101 verbose installManyTop reading scoped package data from D:\develop\image management\node_modules\is-extendable\package.json
102 verbose installManyTop reading scoped package data from D:\develop\image management\node_modules\is-extglob\package.json
103 verbose installManyTop reading scoped package data from D:\develop\image management\node_modules\is-glob\package.json
104 verbose installManyTop reading scoped package data from D:\develop\image management\node_modules\is-number\package.json
105 verbose installManyTop reading scoped package data from D:\develop\image management\node_modules\is-posix-bracket\package.json
106 verbose installManyTop reading scoped package data from D:\develop\image management\node_modules\is-primitive\package.json
107 verbose installManyTop reading scoped package data from D:\develop\image management\node_modules\isarray\package.json
108 verbose installManyTop reading scoped package data from D:\develop\image management\node_modules\isobject\package.json
109 verbose installManyTop reading scoped package data from D:\develop\image management\node_modules\json3\package.json
110 verbose installManyTop reading scoped package data from D:\develop\image management\node_modules\json5\package.json
111 verbose installManyTop reading scoped package data from D:\develop\image management\node_modules\kind-of\package.json
112 verbose installManyTop reading scoped package data from D:\develop\image management\node_modules\lazy-cache\package.json
113 verbose installManyTop reading scoped package data from D:\develop\image management\node_modules\loader-utils\package.json
114 verbose installManyTop reading scoped package data from D:\develop\image management\node_modules\lodash\package.json
115 verbose installManyTop reading scoped package data from D:\develop\image management\node_modules\longest\package.json
116 verbose installManyTop reading scoped package data from D:\develop\image management\node_modules\media-typer\package.json
117 verbose installManyTop reading scoped package data from D:\develop\image management\node_modules\memory-fs\package.json
118 verbose installManyTop reading scoped package data from D:\develop\image management\node_modules\merge-descriptors\package.json
119 verbose installManyTop reading scoped package data from D:\develop\image management\node_modules\methods\package.json
120 verbose installManyTop reading scoped package data from D:\develop\image management\node_modules\micromatch\package.json
121 verbose installManyTop reading scoped package data from D:\develop\image management\node_modules\mime\package.json
122 verbose installManyTop reading scoped package data from D:\develop\image management\node_modules\mime-db\package.json
123 verbose installManyTop reading scoped package data from D:\develop\image management\node_modules\mime-types\package.json
124 verbose installManyTop reading scoped package data from D:\develop\image management\node_modules\minimatch\package.json
125 verbose installManyTop reading scoped package data from D:\develop\image management\node_modules\minimist\package.json
126 verbose installManyTop reading scoped package data from D:\develop\image management\node_modules\mkdirp\package.json
127 verbose installManyTop reading scoped package data from D:\develop\image management\node_modules\ms\package.json
128 verbose installManyTop reading scoped package data from D:\develop\image management\node_modules\negotiator\package.json
129 verbose installManyTop reading scoped package data from D:\develop\image management\node_modules\node-libs-browser\package.json
130 verbose installManyTop reading scoped package data from D:\develop\image management\node_modules\normalize-path\package.json
131 verbose installManyTop reading scoped package data from D:\develop\image management\node_modules\object-assign\package.json
132 verbose installManyTop reading scoped package data from D:\develop\image management\node_modules\object.omit\package.json
133 verbose installManyTop reading scoped package data from D:\develop\image management\node_modules\on-finished\package.json
134 verbose installManyTop reading scoped package data from D:\develop\image management\node_modules\on-headers\package.json
135 verbose installManyTop reading scoped package data from D:\develop\image management\node_modules\open\package.json
136 verbose installManyTop reading scoped package data from D:\develop\image management\node_modules\open-browser-webpack-plugin\package.json
137 verbose installManyTop reading scoped package data from D:\develop\image management\node_modules\optimist\package.json
138 verbose installManyTop reading scoped package data from D:\develop\image management\node_modules\original\package.json
139 verbose installManyTop reading scoped package data from D:\develop\image management\node_modules\os-browserify\package.json
140 verbose installManyTop reading scoped package data from D:\develop\image management\node_modules\pako\package.json
141 verbose installManyTop reading scoped package data from D:\develop\image management\node_modules\parse-glob\package.json
142 verbose installManyTop reading scoped package data from D:\develop\image management\node_modules\parseurl\package.json
143 verbose installManyTop reading scoped package data from D:\develop\image management\node_modules\path-browserify\package.json
144 verbose installManyTop reading scoped package data from D:\develop\image management\node_modules\path-is-absolute\package.json
145 verbose installManyTop reading scoped package data from D:\develop\image management\node_modules\path-to-regexp\package.json
146 verbose installManyTop reading scoped package data from D:\develop\image management\node_modules\pbkdf2-compat\package.json
147 verbose installManyTop reading scoped package data from D:\develop\image management\node_modules\preserve\package.json
148 verbose installManyTop reading scoped package data from D:\develop\image management\node_modules\process\package.json
149 verbose installManyTop reading scoped package data from D:\develop\image management\node_modules\process-nextick-args\package.json
150 verbose installManyTop reading scoped package data from D:\develop\image management\node_modules\proxy-addr\package.json
151 verbose installManyTop reading scoped package data from D:\develop\image management\node_modules\prr\package.json
152 verbose installManyTop reading scoped package data from D:\develop\image management\node_modules\punycode\package.json
153 verbose installManyTop reading scoped package data from D:\develop\image management\node_modules\qs\package.json
154 verbose installManyTop reading scoped package data from D:\develop\image management\node_modules\querystring\package.json
155 verbose installManyTop reading scoped package data from D:\develop\image management\node_modules\querystring-es3\package.json
156 verbose installManyTop reading scoped package data from D:\develop\image management\node_modules\querystringify\package.json
157 verbose installManyTop reading scoped package data from D:\develop\image management\node_modules\randomatic\package.json
158 verbose installManyTop reading scoped package data from D:\develop\image management\node_modules\range-parser\package.json
159 verbose installManyTop reading scoped package data from D:\develop\image management\node_modules\react\package.json
160 verbose installManyTop reading scoped package data from D:\develop\image management\node_modules\react-dom\package.json
161 verbose installManyTop reading scoped package data from D:\develop\image management\node_modules\readable-stream\package.json
162 verbose installManyTop reading scoped package data from D:\develop\image management\node_modules\readdirp\package.json
163 verbose installManyTop reading scoped package data from D:\develop\image management\node_modules\regex-cache\package.json
164 verbose installManyTop reading scoped package data from D:\develop\image management\node_modules\repeat-element\package.json
165 verbose installManyTop reading scoped package data from D:\develop\image management\node_modules\repeat-string\package.json
166 verbose installManyTop reading scoped package data from D:\develop\image management\node_modules\requires-port\package.json
167 verbose installManyTop reading scoped package data from D:\develop\image management\node_modules\right-align\package.json
168 verbose installManyTop reading scoped package data from D:\develop\image management\node_modules\ripemd160\package.json
169 verbose installManyTop reading scoped package data from D:\develop\image management\node_modules\send\package.json
170 verbose installManyTop reading scoped package data from D:\develop\image management\node_modules\serve-index\package.json
171 verbose installManyTop reading scoped package data from D:\develop\image management\node_modules\serve-static\package.json
172 verbose installManyTop reading scoped package data from D:\develop\image management\node_modules\set-immediate-shim\package.json
173 verbose installManyTop reading scoped package data from D:\develop\image management\node_modules\setprototypeof\package.json
174 verbose installManyTop reading scoped package data from D:\develop\image management\node_modules\sha.js\package.json
175 verbose installManyTop reading scoped package data from D:\develop\image management\node_modules\sockjs\package.json
176 verbose installManyTop reading scoped package data from D:\develop\image management\node_modules\sockjs-client\package.json
177 verbose installManyTop reading scoped package data from D:\develop\image management\node_modules\source-list-map\package.json
178 verbose installManyTop reading scoped package data from D:\develop\image management\node_modules\source-map\package.json
179 verbose installManyTop reading scoped package data from D:\develop\image management\node_modules\statuses\package.json
180 verbose installManyTop reading scoped package data from D:\develop\image management\node_modules\stream-browserify\package.json
181 verbose installManyTop reading scoped package data from D:\develop\image management\node_modules\stream-cache\package.json
182 verbose installManyTop reading scoped package data from D:\develop\image management\node_modules\string_decoder\package.json
183 verbose installManyTop reading scoped package data from D:\develop\image management\node_modules\strip-ansi\package.json
184 verbose installManyTop reading scoped package data from D:\develop\image management\node_modules\supports-color\package.json
185 verbose installManyTop reading scoped package data from D:\develop\image management\node_modules\tapable\package.json
186 verbose installManyTop reading scoped package data from D:\develop\image management\node_modules\timers-browserify\package.json
187 verbose installManyTop reading scoped package data from D:\develop\image management\node_modules\tty-browserify\package.json
188 verbose installManyTop reading scoped package data from D:\develop\image management\node_modules\type-is\package.json
189 verbose installManyTop reading scoped package data from D:\develop\image management\node_modules\uglify-js\package.json
190 verbose installManyTop reading scoped package data from D:\develop\image management\node_modules\uglify-to-browserify\package.json
191 verbose installManyTop reading scoped package data from D:\develop\image management\node_modules\unpipe\package.json
192 verbose installManyTop reading scoped package data from D:\develop\image management\node_modules\url\package.json
193 verbose installManyTop reading scoped package data from D:\develop\image management\node_modules\url-parse\package.json
194 verbose installManyTop reading scoped package data from D:\develop\image management\node_modules\util\package.json
195 verbose installManyTop reading scoped package data from D:\develop\image management\node_modules\util-deprecate\package.json
196 verbose installManyTop reading scoped package data from D:\develop\image management\node_modules\utils-merge\package.json
197 verbose installManyTop reading scoped package data from D:\develop\image management\node_modules\uuid\package.json
198 verbose installManyTop reading scoped package data from D:\develop\image management\node_modules\vary\package.json
199 verbose installManyTop reading scoped package data from D:\develop\image management\node_modules\vm-browserify\package.json
200 verbose installManyTop reading scoped package data from D:\develop\image management\node_modules\watchpack\package.json
201 verbose installManyTop reading scoped package data from D:\develop\image management\node_modules\webpack\package.json
202 verbose installManyTop reading scoped package data from D:\develop\image management\node_modules\webpack-core\package.json
203 verbose installManyTop reading scoped package data from D:\develop\image management\node_modules\webpack-dev-middleware\package.json
204 verbose installManyTop reading scoped package data from D:\develop\image management\node_modules\webpack-dev-server\package.json
205 verbose installManyTop reading scoped package data from D:\develop\image management\node_modules\websocket-driver\package.json
206 verbose installManyTop reading scoped package data from D:\develop\image management\node_modules\websocket-extensions\package.json
207 verbose installManyTop reading scoped package data from D:\develop\image management\node_modules\window-size\package.json
208 verbose installManyTop reading scoped package data from D:\develop\image management\node_modules\wordwrap\package.json
209 verbose installManyTop reading scoped package data from D:\develop\image management\node_modules\yargs\package.json
210 info package.json loader-utils@0.2.16 No README data
211 info package.json qs@6.2.0 No README data
212 info package.json querystringify@0.0.4 No README data
213 info package.json Base64@0.2.1 No license field.
214 info package.json arr-flatten@1.0.1 license should be a valid SPDX license expression
215 info package.json array-unique@0.2.1 license should be a valid SPDX license expression
216 info package.json assert@1.4.1 assert is also the name of a node core module.
217 info package.json batch@0.5.3 No license field.
218 info package.json buffer@4.9.1 buffer is also the name of a node core module.
219 info package.json console-browserify@1.1.0 No license field.
220 info package.json date-now@0.1.4 No license field.
221 info package.json enhanced-resolve@0.9.1 No license field.
222 info package.json eventsource@0.1.6 No license field.
223 info package.json events@1.1.1 events is also the name of a node core module.
224 info package.json filename-regex@2.0.0 license should be a valid SPDX license expression
225 info package.json glob-base@0.3.0 license should be a valid SPDX license expression
226 info package.json http-browserify@1.7.0 license should be a valid SPDX license expression
227 info package.json indexof@0.0.1 No repository field.
228 info package.json indexof@0.0.1 No license field.
229 info package.json is-primitive@2.0.0 license should be a valid SPDX license expression
230 info package.json json3@3.3.2 No license field.
231 info package.json longest@1.0.1 license should be a valid SPDX license expression
232 info package.json mime@1.3.4 No license field.
233 info package.json ms@0.7.1 No license field.
234 info package.json optimist@0.6.1 license should be a valid SPDX license expression
235 info package.json process@0.11.9 process is also the name of a node core module.
236 info package.json preserve@0.2.0 license should be a valid SPDX license expression
237 info package.json punycode@1.4.1 punycode is also the name of a node core module.
238 info package.json querystring@0.2.0 querystring is also the name of a node core module.
239 info package.json querystring@0.2.0 No license field.
240 info package.json querystring-es3@0.2.1 No license field.
241 info package.json repeat-element@1.1.2 license should be a valid SPDX license expression
242 info package.json ripemd160@0.2.0 No license field.
243 info package.json string_decoder@0.10.31 string_decoder is also the name of a node core module.
244 info package.json stream-cache@0.0.2 No license field.
245 info package.json timers-browserify@1.4.2 No license field.
246 info package.json util@0.10.3 util is also the name of a node core module.
247 info package.json utils-merge@1.0.0 No license field.
248 info package.json url@0.10.3 url is also the name of a node core module.
249 info package.json webpack-core@0.6.8 No license field.
250 info package.json window-size@0.1.0 No license field.
251 verbose readDependencies loading dependencies from D:\develop\image management\package.json
252 silly cache add args [ 'scroll-listener-mixin', null ]
253 verbose cache add spec scroll-listener-mixin
254 silly cache add parsed spec Result {
254 silly cache add   raw: 'scroll-listener-mixin',
254 silly cache add   scope: null,
254 silly cache add   name: 'scroll-listener-mixin',
254 silly cache add   rawSpec: '',
254 silly cache add   spec: 'latest',
254 silly cache add   type: 'tag' }
255 silly addNamed scroll-listener-mixin@latest
256 verbose addNamed "latest" is being treated as a dist-tag for scroll-listener-mixin
257 info addNameTag [ 'scroll-listener-mixin', 'latest' ]
258 silly mapToRegistry name scroll-listener-mixin
259 silly mapToRegistry using default registry
260 silly mapToRegistry registry https://registry.npmjs.org/
261 silly mapToRegistry data Result {
261 silly mapToRegistry   raw: 'scroll-listener-mixin',
261 silly mapToRegistry   scope: null,
261 silly mapToRegistry   name: 'scroll-listener-mixin',
261 silly mapToRegistry   rawSpec: '',
261 silly mapToRegistry   spec: 'latest',
261 silly mapToRegistry   type: 'tag' }
262 silly mapToRegistry uri https://registry.npmjs.org/scroll-listener-mixin
263 verbose addNameTag registry:https://registry.npmjs.org/scroll-listener-mixin not in flight; fetching
264 verbose request uri https://registry.npmjs.org/scroll-listener-mixin
265 verbose request no auth needed
266 info attempt registry request try #1 at 14:43:09
267 verbose request id b52a0b2a03ba4524
268 http request GET https://registry.npmjs.org/scroll-listener-mixin
269 http 404 https://registry.npmjs.org/scroll-listener-mixin
270 verbose headers { 'content-type': 'application/json',
270 verbose headers   'cache-control': 'max-age=0',
270 verbose headers   'content-length': '2',
270 verbose headers   'accept-ranges': 'bytes',
270 verbose headers   date: 'Mon, 07 Nov 2016 06:43:11 GMT',
270 verbose headers   via: '1.1 varnish',
270 verbose headers   age: '0',
270 verbose headers   connection: 'keep-alive',
270 verbose headers   'x-served-by': 'cache-lcy1126-LCY',
270 verbose headers   'x-cache': 'MISS',
270 verbose headers   'x-cache-hits': '0',
270 verbose headers   'x-timer': 'S1478500991.142357,VS0,VE364',
270 verbose headers   vary: 'Accept-Encoding' }
271 silly get cb [ 404,
271 silly get   { 'content-type': 'application/json',
271 silly get     'cache-control': 'max-age=0',
271 silly get     'content-length': '2',
271 silly get     'accept-ranges': 'bytes',
271 silly get     date: 'Mon, 07 Nov 2016 06:43:11 GMT',
271 silly get     via: '1.1 varnish',
271 silly get     age: '0',
271 silly get     connection: 'keep-alive',
271 silly get     'x-served-by': 'cache-lcy1126-LCY',
271 silly get     'x-cache': 'MISS',
271 silly get     'x-cache-hits': '0',
271 silly get     'x-timer': 'S1478500991.142357,VS0,VE364',
271 silly get     vary: 'Accept-Encoding' } ]
272 verbose stack Error: Registry returned 404 for GET on https://registry.npmjs.org/scroll-listener-mixin
272 verbose stack     at makeError (C:\Program Files\nodejs\node_modules\npm\node_modules\npm-registry-client\lib\request.js:264:12)
272 verbose stack     at CachingRegistryClient.<anonymous> (C:\Program Files\nodejs\node_modules\npm\node_modules\npm-registry-client\lib\request.js:242:14)
272 verbose stack     at Request._callback (C:\Program Files\nodejs\node_modules\npm\node_modules\npm-registry-client\lib\request.js:172:14)
272 verbose stack     at Request.self.callback (C:\Program Files\nodejs\node_modules\npm\node_modules\request\request.js:200:22)
272 verbose stack     at emitTwo (events.js:87:13)
272 verbose stack     at Request.emit (events.js:172:7)
272 verbose stack     at Request.<anonymous> (C:\Program Files\nodejs\node_modules\npm\node_modules\request\request.js:1067:10)
272 verbose stack     at emitOne (events.js:82:20)
272 verbose stack     at Request.emit (events.js:169:7)
272 verbose stack     at IncomingMessage.<anonymous> (C:\Program Files\nodejs\node_modules\npm\node_modules\request\request.js:988:12)
273 verbose statusCode 404
274 verbose pkgid scroll-listener-mixin
275 verbose cwd D:\develop\image management
276 error Windows_NT 6.1.7601
277 error argv "C:\\Program Files\\nodejs\\node.exe" "C:\\Program Files\\nodejs\\node_modules\\npm\\bin\\npm-cli.js" "install" "--save" "scroll-listener-mixin"
278 error node v4.5.0
279 error npm  v2.15.9
280 error code E404
281 error 404 Registry returned 404 for GET on https://registry.npmjs.org/scroll-listener-mixin
281 error 404
281 error 404 'scroll-listener-mixin' is not in the npm registry.
281 error 404 You should bug the author to publish it (or use the name yourself!)
281 error 404 It was specified as a dependency of 'image_management'
281 error 404
281 error 404 Note that you can also install from a
281 error 404 tarball, folder, http url, or git url.
282 verbose exit [ 1, true ]
